<?xml version="1.0" encoding="UTF-8"?>
<!-- Generated by org.testng.reporters.JUnitXMLReporter -->
<testsuite hostname="Nanogenon-7000" failures="0" tests="13" name="Default test" time="103.917" errors="0" timestamp="19 Nov 2021 14:39:44 GMT">
  <testcase classname="runner.BigSmall" name="HomePageLanding" time="4.996"/>
  <testcase classname="runner.BigSmall" name="LoginPage" time="11.958"/>
  <testcase classname="runner.BigSmall" name="LoginPage" time="9.806"/>
  <testcase classname="runner.BigSmall" name="LoginPage" time="9.995"/>
  <testcase classname="runner.BigSmall" name="PersonalizedPage" time="4.62"/>
  <testcase classname="runner.BigSmall" name="Search" time="2.436"/>
  <testcase classname="runner.BigSmall" name="ChristmasGift" time="16.035"/>
  <testcase classname="runner.BigSmall" name="ShopByPage" time="13.045"/>
  <testcase classname="runner.BigSmall" name="AllofIt" time="3.993"/>
  <testcase classname="runner.BigSmall" name="Wishlist" time="15.611"/>
  <testcase classname="runner.BigSmall" name="AboutUs" time="1.568"/>
  <testcase classname="runner.BigSmall" name="Contact" time="1.861"/>
  <testcase classname="runner.BigSmall" name="GiftCard" time="3.818"/>
</testsuite> <!-- Default test -->
