<?xml version="1.0" encoding="UTF-8"?>
<!-- Generated by org.testng.reporters.JUnitXMLReporter -->
<testsuite hostname="Nanogenon-7000" failures="0" tests="13" name="Test" time="97.688" errors="0" timestamp="19 Nov 2021 14:42:56 GMT">
  <testcase classname="runner.BigSmall" name="HomePageLanding" time="5.186"/>
  <testcase classname="runner.BigSmall" name="LoginPage" time="11.297"/>
  <testcase classname="runner.BigSmall" name="LoginPage" time="9.729"/>
  <testcase classname="runner.BigSmall" name="LoginPage" time="9.394"/>
  <testcase classname="runner.BigSmall" name="PersonalizedPage" time="3.876"/>
  <testcase classname="runner.BigSmall" name="Search" time="2.162"/>
  <testcase classname="runner.BigSmall" name="ChristmasGift" time="15.094"/>
  <testcase classname="runner.BigSmall" name="ShopByPage" time="12.81"/>
  <testcase classname="runner.BigSmall" name="AllofIt" time="4.18"/>
  <testcase classname="runner.BigSmall" name="Wishlist" time="7.099"/>
  <testcase classname="runner.BigSmall" name="AboutUs" time="1.341"/>
  <testcase classname="runner.BigSmall" name="Contact" time="4.231"/>
  <testcase classname="runner.BigSmall" name="GiftCard" time="3.665"/>
</testsuite> <!-- Test -->
