<?xml version="1.0" encoding="UTF-8"?>
<testng-results total="13" passed="13" failed="0" skipped="0">
  <reporter-output>
  </reporter-output>
  <suite started-at="2021-11-19T14:41:18Z" name="Suite" finished-at="2021-11-19T14:42:56Z" duration-ms="97688">
    <groups>
    </groups>
    <test started-at="2021-11-19T14:41:18Z" name="Test" finished-at="2021-11-19T14:42:56Z" duration-ms="97688">
      <class name="runner.BigSmall">
        <test-method signature="HomePageLanding()[pri:0, instance:runner.BigSmall@5443d039]" started-at="2021-11-19T20:11:18Z" name="HomePageLanding" finished-at="2021-11-19T20:11:24Z" duration-ms="5186" status="PASS">
          <reporter-output>
          </reporter-output>
        </test-method> <!-- HomePageLanding -->
        <test-method signature="LoginPage(java.lang.String, java.lang.String)[pri:0, instance:runner.BigSmall@5443d039]" started-at="2021-11-19T20:11:24Z" name="LoginPage" data-provider="dataSuplier" finished-at="2021-11-19T20:11:35Z" duration-ms="11297" status="PASS">
          <params>
            <param index="0">
              <value>
                <![CDATA[]]>
              </value>
            </param>
            <param index="1">
              <value>
                <![CDATA[]]>
              </value>
            </param>
          </params>
          <reporter-output>
          </reporter-output>
        </test-method> <!-- LoginPage -->
        <test-method signature="LoginPage(java.lang.String, java.lang.String)[pri:0, instance:runner.BigSmall@5443d039]" started-at="2021-11-19T20:11:35Z" name="LoginPage" data-provider="dataSuplier" finished-at="2021-11-19T20:11:45Z" duration-ms="9729" status="PASS">
          <params>
            <param index="0">
              <value>
                <![CDATA[simon@123]]>
              </value>
            </param>
            <param index="1">
              <value>
                <![CDATA[abcd]]>
              </value>
            </param>
          </params>
          <reporter-output>
          </reporter-output>
        </test-method> <!-- LoginPage -->
        <test-method signature="LoginPage(java.lang.String, java.lang.String)[pri:0, instance:runner.BigSmall@5443d039]" started-at="2021-11-19T20:11:46Z" name="LoginPage" data-provider="dataSuplier" finished-at="2021-11-19T20:11:55Z" duration-ms="9394" status="PASS">
          <params>
            <param index="0">
              <value>
                <![CDATA[JackNJill@gmail.com]]>
              </value>
            </param>
            <param index="1">
              <value>
                <![CDATA[JackNJill@123]]>
              </value>
            </param>
          </params>
          <reporter-output>
          </reporter-output>
        </test-method> <!-- LoginPage -->
        <test-method signature="PersonalizedPage()[pri:0, instance:runner.BigSmall@5443d039]" started-at="2021-11-19T20:11:55Z" name="PersonalizedPage" finished-at="2021-11-19T20:11:59Z" duration-ms="3876" status="PASS">
          <reporter-output>
          </reporter-output>
        </test-method> <!-- PersonalizedPage -->
        <test-method signature="Search()[pri:0, instance:runner.BigSmall@5443d039]" started-at="2021-11-19T20:12:00Z" name="Search" finished-at="2021-11-19T20:12:02Z" duration-ms="2162" status="PASS">
          <reporter-output>
          </reporter-output>
        </test-method> <!-- Search -->
        <test-method signature="ChristmasGift()[pri:0, instance:runner.BigSmall@5443d039]" started-at="2021-11-19T20:12:02Z" name="ChristmasGift" finished-at="2021-11-19T20:12:17Z" duration-ms="15094" status="PASS">
          <reporter-output>
          </reporter-output>
        </test-method> <!-- ChristmasGift -->
        <test-method signature="ShopByPage()[pri:0, instance:runner.BigSmall@5443d039]" started-at="2021-11-19T20:12:17Z" name="ShopByPage" finished-at="2021-11-19T20:12:30Z" duration-ms="12810" status="PASS">
          <reporter-output>
          </reporter-output>
        </test-method> <!-- ShopByPage -->
        <test-method signature="AllofIt()[pri:0, instance:runner.BigSmall@5443d039]" started-at="2021-11-19T20:12:30Z" name="AllofIt" finished-at="2021-11-19T20:12:35Z" duration-ms="4180" status="PASS">
          <reporter-output>
          </reporter-output>
        </test-method> <!-- AllofIt -->
        <test-method signature="Wishlist()[pri:0, instance:runner.BigSmall@5443d039]" started-at="2021-11-19T20:12:35Z" name="Wishlist" finished-at="2021-11-19T20:12:42Z" duration-ms="7099" status="PASS">
          <reporter-output>
          </reporter-output>
        </test-method> <!-- Wishlist -->
        <test-method signature="AboutUs()[pri:0, instance:runner.BigSmall@5443d039]" started-at="2021-11-19T20:12:42Z" name="AboutUs" finished-at="2021-11-19T20:12:43Z" duration-ms="1341" status="PASS">
          <reporter-output>
          </reporter-output>
        </test-method> <!-- AboutUs -->
        <test-method signature="Contact()[pri:0, instance:runner.BigSmall@5443d039]" started-at="2021-11-19T20:12:44Z" name="Contact" finished-at="2021-11-19T20:12:48Z" duration-ms="4231" status="PASS">
          <reporter-output>
          </reporter-output>
        </test-method> <!-- Contact -->
        <test-method signature="GiftCard()[pri:0, instance:runner.BigSmall@5443d039]" started-at="2021-11-19T20:12:48Z" name="GiftCard" finished-at="2021-11-19T20:12:52Z" duration-ms="3665" status="PASS">
          <reporter-output>
          </reporter-output>
        </test-method> <!-- GiftCard -->
        <test-method is-config="true" signature="closeDriver()[pri:0, instance:runner.BigSmall@5443d039]" started-at="2021-11-19T20:12:52Z" name="closeDriver" finished-at="2021-11-19T20:12:56Z" duration-ms="4146" status="PASS">
          <reporter-output>
          </reporter-output>
        </test-method> <!-- closeDriver -->
      </class> <!-- runner.BigSmall -->
    </test> <!-- Test -->
  </suite> <!-- Suite -->
</testng-results>
